<?xml version="1.0" encoding="UTF-8"?>
<testng-results ignored="0" total="1" passed="1" failed="0" skipped="0">
  <reporter-output>
  </reporter-output>
  <suite started-at="2024-10-03T15:53:56 IST" name="Default suite" finished-at="2024-10-03T15:54:23 IST" duration-ms="26888">
    <groups>
    </groups>
    <test started-at="2024-10-03T15:53:56 IST" name="Default test" finished-at="2024-10-03T15:54:23 IST" duration-ms="26888">
      <class name="organisation.CreateCampaignsTest">
        <test-method is-config="true" signature="BS()[pri:0, instance:organisation.CreateCampaignsTest@73e9cf30]" started-at="2024-10-03T15:53:56 IST" name="BS" finished-at="2024-10-03T15:53:56 IST" duration-ms="7" status="PASS">
          <reporter-output>
          </reporter-output>
        </test-method> <!-- BS -->
        <test-method is-config="true" signature="BT()[pri:0, instance:organisation.CreateCampaignsTest@73e9cf30]" started-at="2024-10-03T15:53:57 IST" name="BT" finished-at="2024-10-03T15:53:57 IST" duration-ms="1" status="PASS">
          <reporter-output>
          </reporter-output>
        </test-method> <!-- BT -->
        <test-method is-config="true" signature="BC()[pri:0, instance:organisation.CreateCampaignsTest@73e9cf30]" started-at="2024-10-03T15:53:57 IST" name="BC" finished-at="2024-10-03T15:53:59 IST" duration-ms="2356" status="PASS">
          <reporter-output>
          </reporter-output>
        </test-method> <!-- BC -->
        <test-method is-config="true" signature="BM()[pri:0, instance:organisation.CreateCampaignsTest@73e9cf30]" started-at="2024-10-03T15:53:59 IST" name="BM" finished-at="2024-10-03T15:54:05 IST" duration-ms="5819" status="PASS">
          <reporter-output>
          </reporter-output>
        </test-method> <!-- BM -->
        <test-method signature="CreateCampaigns()[pri:0, instance:organisation.CreateCampaignsTest@73e9cf30]" started-at="2024-10-03T15:54:05 IST" name="CreateCampaigns" finished-at="2024-10-03T15:54:18 IST" duration-ms="13430" status="PASS">
          <reporter-output>
          </reporter-output>
        </test-method> <!-- CreateCampaigns -->
        <test-method is-config="true" signature="AM()[pri:0, instance:organisation.CreateCampaignsTest@73e9cf30]" started-at="2024-10-03T15:54:18 IST" name="AM" finished-at="2024-10-03T15:54:21 IST" duration-ms="2093" status="PASS">
          <reporter-output>
          </reporter-output>
        </test-method> <!-- AM -->
        <test-method is-config="true" signature="AC()[pri:0, instance:organisation.CreateCampaignsTest@73e9cf30]" started-at="2024-10-03T15:54:21 IST" name="AC" finished-at="2024-10-03T15:54:23 IST" duration-ms="2757" status="PASS">
          <reporter-output>
          </reporter-output>
        </test-method> <!-- AC -->
        <test-method is-config="true" signature="AT()[pri:0, instance:organisation.CreateCampaignsTest@73e9cf30]" started-at="2024-10-03T15:54:23 IST" name="AT" finished-at="2024-10-03T15:54:23 IST" duration-ms="0" status="PASS">
          <reporter-output>
          </reporter-output>
        </test-method> <!-- AT -->
        <test-method is-config="true" signature="AS()[pri:0, instance:organisation.CreateCampaignsTest@73e9cf30]" started-at="2024-10-03T15:54:24 IST" name="AS" finished-at="2024-10-03T15:54:24 IST" duration-ms="0" status="PASS">
          <reporter-output>
          </reporter-output>
        </test-method> <!-- AS -->
      </class> <!-- organisation.CreateCampaignsTest -->
    </test> <!-- Default test -->
  </suite> <!-- Default suite -->
</testng-results>
